<?xml version="1.0" encoding="UTF-8"?>
<testng-results ignored="0" total="3" passed="3" failed="0" skipped="0">
  <reporter-output>
  </reporter-output>
  <suite started-at="2022-10-27T19:58:51 IST" name="Default suite" finished-at="2022-10-27T20:00:10 IST" duration-ms="78748">
    <groups>
    </groups>
    <test started-at="2022-10-27T19:58:51 IST" name="Default test" finished-at="2022-10-27T20:00:10 IST" duration-ms="78748">
      <class name="testng.Demo">
        <test-method signature="tcl(java.lang.String,java.lang.String)[pri:0, instance:testng.Demo@5be6e01c]" started-at="2022-10-27T19:58:51 IST" name="tcl" data-provider="getData" finished-at="2022-10-27T19:59:18 IST" duration-ms="27145" status="PASS">
          <params>
            <param index="0">
              <value>
                <![CDATA[12345678]]>
              </value>
            </param>
            <param index="1">
              <value>
                <![CDATA[02468024]]>
              </value>
            </param>
          </params>
          <reporter-output>
          </reporter-output>
        </test-method> <!-- tcl -->
        <test-method signature="tcl(java.lang.String,java.lang.String)[pri:0, instance:testng.Demo@5be6e01c]" started-at="2022-10-27T19:59:18 IST" name="tcl" data-provider="getData" finished-at="2022-10-27T19:59:37 IST" duration-ms="18623" status="PASS">
          <params>
            <param index="0">
              <value>
                <![CDATA[admin]]>
              </value>
            </param>
            <param index="1">
              <value>
                <![CDATA[manager]]>
              </value>
            </param>
          </params>
          <reporter-output>
          </reporter-output>
        </test-method> <!-- tcl -->
        <test-method signature="tcl(java.lang.String,java.lang.String)[pri:0, instance:testng.Demo@5be6e01c]" started-at="2022-10-27T19:59:37 IST" name="tcl" data-provider="getData" finished-at="2022-10-27T20:00:10 IST" duration-ms="32922" status="PASS">
          <params>
            <param index="0">
              <value>
                <![CDATA[abcd123@#]]>
              </value>
            </param>
            <param index="1">
              <value>
                <![CDATA[^&09#@&jgdus]]>
              </value>
            </param>
          </params>
          <reporter-output>
          </reporter-output>
        </test-method> <!-- tcl -->
      </class> <!-- testng.Demo -->
    </test> <!-- Default test -->
  </suite> <!-- Default suite -->
</testng-results>
